2021-11-15 10:22:59,032 [Worker-2: Loading available Gradle versions] INFO  o.e.b.c.i.u.g.PublishedGradleVersions - Gradle version information cache is out-of-date. Trying to update.
2021-11-15 10:27:53,023 [Worker-4: Loading available Gradle versions] INFO  o.e.b.c.i.u.g.PublishedGradleVersions - Gradle version information cache is up-to-date. Trying to read.
2021-11-15 15:27:35,003 [Worker-120: Debug Source Lookup] INFO  o.e.m.c.i.e.AbstractTransferListenerAdapter - Downloading https://repo.maven.apache.org/maven2/org/hibernate/hibernate-core/3.6.4.Final/hibernate-core-3.6.4.Final-sources.jar
2021-11-15 15:27:37,824 [Worker-120: Debug Source Lookup] INFO  o.e.m.c.i.e.AbstractTransferListenerAdapter - Downloaded https://repo.maven.apache.org/maven2/org/hibernate/hibernate-core/3.6.4.Final/hibernate-core-3.6.4.Final-sources.jar
2021-11-15 15:27:38,758 [Worker-120: Debug Source Lookup] INFO  o.e.m.c.i.e.AbstractTransferListenerAdapter - Downloading https://repo.maven.apache.org/maven2/org/hibernate/hibernate-commons-annotations/3.2.0.Final/hibernate-commons-annotations-3.2.0.Final-sources.jar
2021-11-15 15:27:39,217 [Worker-120: Debug Source Lookup] INFO  o.e.m.c.i.e.AbstractTransferListenerAdapter - Downloaded https://repo.maven.apache.org/maven2/org/hibernate/hibernate-commons-annotations/3.2.0.Final/hibernate-commons-annotations-3.2.0.Final-sources.jar
2021-11-15 15:27:40,160 [Worker-120: Debug Source Lookup] INFO  o.e.m.c.i.e.AbstractTransferListenerAdapter - Downloading https://repo.maven.apache.org/maven2/org/hibernate/hibernate-ehcache/3.6.4.Final/hibernate-ehcache-3.6.4.Final-sources.jar
2021-11-15 15:27:40,560 [Worker-120: Debug Source Lookup] INFO  o.e.m.c.i.e.AbstractTransferListenerAdapter - Downloaded https://repo.maven.apache.org/maven2/org/hibernate/hibernate-ehcache/3.6.4.Final/hibernate-ehcache-3.6.4.Final-sources.jar
2021-11-15 15:27:41,468 [Worker-120: Debug Source Lookup] INFO  o.e.m.c.i.e.AbstractTransferListenerAdapter - Downloading https://repo.maven.apache.org/maven2/org/hibernate/hibernate-jbosscache/3.6.4.Final/hibernate-jbosscache-3.6.4.Final-sources.jar
2021-11-15 15:27:42,098 [Worker-120: Debug Source Lookup] INFO  o.e.m.c.i.e.AbstractTransferListenerAdapter - Downloaded https://repo.maven.apache.org/maven2/org/hibernate/hibernate-jbosscache/3.6.4.Final/hibernate-jbosscache-3.6.4.Final-sources.jar
2021-11-15 15:27:43,141 [Worker-120: Debug Source Lookup] INFO  o.e.m.c.i.e.AbstractTransferListenerAdapter - Downloading https://repo.maven.apache.org/maven2/org/hibernate/hibernate-infinispan/3.6.4.Final/hibernate-infinispan-3.6.4.Final-sources.jar
2021-11-15 15:27:43,759 [Worker-120: Debug Source Lookup] INFO  o.e.m.c.i.e.AbstractTransferListenerAdapter - Downloaded https://repo.maven.apache.org/maven2/org/hibernate/hibernate-infinispan/3.6.4.Final/hibernate-infinispan-3.6.4.Final-sources.jar
2021-11-15 15:27:44,836 [Worker-120: Debug Source Lookup] INFO  o.e.m.c.i.e.AbstractTransferListenerAdapter - Downloading https://repo.maven.apache.org/maven2/org/hibernate/hibernate-testing/3.6.4.Final/hibernate-testing-3.6.4.Final-sources.jar
2021-11-15 15:27:45,258 [Worker-120: Debug Source Lookup] INFO  o.e.m.c.i.e.AbstractTransferListenerAdapter - Downloaded https://repo.maven.apache.org/maven2/org/hibernate/hibernate-testing/3.6.4.Final/hibernate-testing-3.6.4.Final-sources.jar
2021-11-15 15:27:46,159 [Worker-120: Debug Source Lookup] INFO  o.e.m.c.i.e.AbstractTransferListenerAdapter - Downloading https://repo.maven.apache.org/maven2/org/hibernate/hibernate-oscache/3.6.4.Final/hibernate-oscache-3.6.4.Final-sources.jar
2021-11-15 15:27:46,604 [Worker-120: Debug Source Lookup] INFO  o.e.m.c.i.e.AbstractTransferListenerAdapter - Downloaded https://repo.maven.apache.org/maven2/org/hibernate/hibernate-oscache/3.6.4.Final/hibernate-oscache-3.6.4.Final-sources.jar
2021-11-15 15:27:47,448 [Worker-120: Debug Source Lookup] INFO  o.e.m.c.i.e.AbstractTransferListenerAdapter - Downloading https://repo.maven.apache.org/maven2/org/hibernate/hibernate-swarmcache/3.6.4.Final/hibernate-swarmcache-3.6.4.Final-sources.jar
2021-11-15 15:27:47,838 [Worker-120: Debug Source Lookup] INFO  o.e.m.c.i.e.AbstractTransferListenerAdapter - Downloaded https://repo.maven.apache.org/maven2/org/hibernate/hibernate-swarmcache/3.6.4.Final/hibernate-swarmcache-3.6.4.Final-sources.jar
2021-11-15 15:27:48,949 [Worker-120: Debug Source Lookup] INFO  o.e.m.c.i.e.AbstractTransferListenerAdapter - Downloading https://repo.maven.apache.org/maven2/org/hibernate/hibernate-c3p0/3.6.4.Final/hibernate-c3p0-3.6.4.Final-sources.jar
2021-11-15 15:27:49,251 [Worker-120: Debug Source Lookup] INFO  o.e.m.c.i.e.AbstractTransferListenerAdapter - Downloaded https://repo.maven.apache.org/maven2/org/hibernate/hibernate-c3p0/3.6.4.Final/hibernate-c3p0-3.6.4.Final-sources.jar
2021-11-15 15:27:50,283 [Worker-120: Debug Source Lookup] INFO  o.e.m.c.i.e.AbstractTransferListenerAdapter - Downloading https://repo.maven.apache.org/maven2/org/hibernate/hibernate-proxool/3.6.4.Final/hibernate-proxool-3.6.4.Final-sources.jar
2021-11-15 15:27:50,705 [Worker-120: Debug Source Lookup] INFO  o.e.m.c.i.e.AbstractTransferListenerAdapter - Downloaded https://repo.maven.apache.org/maven2/org/hibernate/hibernate-proxool/3.6.4.Final/hibernate-proxool-3.6.4.Final-sources.jar
2021-11-15 15:27:51,875 [Worker-120: Debug Source Lookup] INFO  o.e.m.c.i.e.AbstractTransferListenerAdapter - Downloading https://repo.maven.apache.org/maven2/org/hibernate/hibernate-entitymanager/3.6.4.Final/hibernate-entitymanager-3.6.4.Final-sources.jar
2021-11-15 15:27:52,790 [Worker-120: Debug Source Lookup] INFO  o.e.m.c.i.e.AbstractTransferListenerAdapter - Downloaded https://repo.maven.apache.org/maven2/org/hibernate/hibernate-entitymanager/3.6.4.Final/hibernate-entitymanager-3.6.4.Final-sources.jar
2021-11-15 15:27:53,783 [Worker-120: Debug Source Lookup] INFO  o.e.m.c.i.e.AbstractTransferListenerAdapter - Downloading https://repo.maven.apache.org/maven2/org/hibernate/hibernate-envers/3.6.4.Final/hibernate-envers-3.6.4.Final-sources.jar
2021-11-15 15:27:54,740 [Worker-120: Debug Source Lookup] INFO  o.e.m.c.i.e.AbstractTransferListenerAdapter - Downloaded https://repo.maven.apache.org/maven2/org/hibernate/hibernate-envers/3.6.4.Final/hibernate-envers-3.6.4.Final-sources.jar
